This is pdfeTeXk, Version 3.141592-1.21a-2.2 (Web2C 7.5.4) (format=pdflatex 2009.10.26)  26 FEB 2010 02:07
entering extended mode
 file:line:error style messages enabled.
**europecv.tex
(./europecv.tex
LaTeX2e <2003/12/01>
Babel <v3.8d> and hyphenation patterns for american, french, german, ngerman, b
ahasa, basque, bulgarian, catalan, croatian, czech, danish, dutch, esperanto, e
stonian, finnish, greek, icelandic, irish, italian, latin, magyar, norsk, polis
h, portuges, romanian, russian, serbian, slovak, slovene, spanish, swedish, tur
kish, ukrainian, nohyphenation, loaded.
(./europecv.cls
Document Class: europecv 2006/04/24 (beta) European curriculum vitae class
(/opt/local/share/texmf-dist/tex/latex/base/article.cls
Document Class: article 2004/02/16 v1.4f Standard LaTeX document class
(/opt/local/share/texmf-dist/tex/latex/base/size10.clo
File: size10.clo 2004/02/16 v1.4f Standard LaTeX file (size option)
)
\c@part=\count79
\c@section=\count80
\c@subsection=\count81
\c@subsubsection=\count82
\c@paragraph=\count83
\c@subparagraph=\count84
\c@figure=\count85
\c@table=\count86
\abovecaptionskip=\skip41
\belowcaptionskip=\skip42
\bibindent=\dimen102
) (./ucs.sty
Package: ucs 2004/10/17 UCS: Unicode input support

(./uni-global.def
File: uni-global.def 2004/10/17 UCS: Unicode global data
)
\uc@secondtry=\count87
\uc@combtoks=\toks14
\uc@combtoksb=\toks15
\uc@temptokena=\toks16
) (/opt/local/share/texmf-dist/tex/latex/base/inputenc.sty
Package: inputenc 2004/02/05 v1.0d Input encoding file

(./utf8x.def
File: utf8x.def 2004/10/17 UCS: Input encoding UTF-8
)) (/opt/local/share/texmf-dist/tex/latex/tools/array.sty
Package: array 2003/12/17 v2.4a Tabular extension package (FMi)
\col@sep=\dimen103
\extrarowheight=\dimen104
\NC@list=\toks17
\extratabsurround=\skip43
\backup@length=\skip44
)
(/opt/local/share/texmf-dist/tex/latex/tools/longtable.sty
Package: longtable 2004/02/01 v4.11 Multi-page Table package (DPC)
\LTleft=\skip45
\LTright=\skip46
\LTpre=\skip47
\LTpost=\skip48
\LTchunksize=\count88
\LTcapwidth=\dimen105
\LT@head=\box26
\LT@firsthead=\box27
\LT@foot=\box28
\LT@lastfoot=\box29
\LT@cols=\count89
\LT@rows=\count90
\c@LT@tables=\count91
\c@LT@chunks=\count92
\LT@p@ftn=\toks18
)
(/opt/local/share/texmf-dist/tex/latex/fancyhdr/fancyhdr.sty
\fancy@headwidth=\skip49
\f@ncyO@elh=\skip50
\f@ncyO@erh=\skip51
\f@ncyO@olh=\skip52
\f@ncyO@orh=\skip53
\f@ncyO@elf=\skip54
\f@ncyO@erf=\skip55
\f@ncyO@olf=\skip56
\f@ncyO@orf=\skip57
)
\ecv@langparwidth=\skip58
\ecv@rulewidth=\skip59
\ecv@colsep=\skip60
\ecv@leftcolwidth=\skip61
\ecv@rightcolwidth=\skip62
\ecv@extrarowheight=\skip63
\ecv@flagwidth=\skip64
\ecv@logowidth=\skip65
\ecv@logooffset=\skip66
) (./ecven.def
File: ecven.def europecv English definitions
)
(/opt/local/share/texmf-dist/tex/latex/base/fontenc.sty
Package: fontenc 2004/02/22 v1.99f Standard LaTeX package

(/opt/local/share/texmf-dist/tex/latex/base/t1enc.def
File: t1enc.def 2004/02/22 v1.99f Standard LaTeX file
LaTeX Font Info:    Redeclaring font encoding T1 on input line 43.
))
(/opt/local/share/texmf-dist/tex/latex/lm/lmodern.sty
Package: lmodern 2003/07/16
)
(/opt/local/share/texmf-dist/tex/latex/booktabs/booktabs.sty
Package: booktabs 2003/03/28 v1.618 publication quality tables
\heavyrulewidth=\dimen106
\lightrulewidth=\dimen107
\cmidrulewidth=\dimen108
\belowrulesep=\dimen109
\belowbottomsep=\dimen110
\aboverulesep=\dimen111
\abovetopsep=\dimen112
\cmidrulesep=\dimen113
\cmidrulekern=\dimen114
\defaultaddspace=\dimen115
\@cmidla=\count93
\@cmidlb=\count94
\@aboverulesep=\dimen116
\@belowrulesep=\dimen117
\@thisruleclass=\count95
\@lastruleclass=\count96
\@thisrulewidth=\dimen118
)

! LaTeX Error: File `maltese.sty' not found.

Type X to quit or <RETURN> to proceed,
or enter new name. (Default extension: sty)

Enter file name: 
./europecv.tex:9: Emergency stop.
<read *> 
         
l.9 ^^M
       
*** (cannot \read from terminal in nonstop modes)

 
Here is how much of TeX's memory you used:
 1173 strings out of 94500
 14169 string characters out of 1174972
 68544 words of memory out of 1000000
 4390 multiletter control sequences out of 10000+50000
 4403 words of font info for 15 fonts, out of 500000 for 2000
 580 hyphenation exceptions out of 1000
 29i,0n,45p,365b,37s stack positions out of 1500i,500n,5000p,200000b,5000s
PDF statistics:
 0 PDF objects out of 300000
 0 named destinations out of 131072
 1 words of extra memory for PDF output out of 65536
No pages of output.
