This is pdfTeX, Version 3.1415926-1.40.11 (TeX Live 2010/MacPorts 2010_2) (format=pdflatex 2011.3.24)  24 MAR 2011 03:01
entering extended mode
 restricted \write18 enabled.
 file:line:error style messages enabled.
 %&-line parsing enabled.
**diego_russo_cv_it.tex
(./diego_russo_cv_it.tex
LaTeX2e <2009/09/24>
Babel <v3.8l> and hyphenation patterns for english, dumylang, nohyphenation, lo
aded.
(./europecv.cls
Document Class: europecv 2006/04/24 (beta) European curriculum vitae class
(/opt/local/share/texmf-texlive-dist/tex/latex/base/article.cls
Document Class: article 2007/10/19 v1.4h Standard LaTeX document class
(/opt/local/share/texmf-texlive-dist/tex/latex/base/size10.clo
File: size10.clo 2007/10/19 v1.4h Standard LaTeX file (size option)
)
\c@part=\count79
\c@section=\count80
\c@subsection=\count81
\c@subsubsection=\count82
\c@paragraph=\count83
\c@subparagraph=\count84
\c@figure=\count85
\c@table=\count86
\abovecaptionskip=\skip41
\belowcaptionskip=\skip42
\bibindent=\dimen102
) (./ucs.sty
Package: ucs 2004/10/17 UCS: Unicode input support

(./uni-global.def
File: uni-global.def 2004/10/17 UCS: Unicode global data
)
\uc@secondtry=\count87
\uc@combtoks=\toks14
\uc@combtoksb=\toks15
\uc@temptokena=\toks16
)
(/opt/local/share/texmf-texlive-dist/tex/latex/base/inputenc.sty
Package: inputenc 2008/03/30 v1.1d Input encoding file
\inpenc@prehook=\toks17
\inpenc@posthook=\toks18
 (./utf8x.def
File: utf8x.def 2004/10/17 UCS: Input encoding UTF-8
)) (/opt/local/share/texmf-texlive-dist/tex/latex/tools/array.sty
Package: array 2008/09/09 v2.4c Tabular extension package (FMi)
\col@sep=\dimen103
\extrarowheight=\dimen104
\NC@list=\toks19
\extratabsurround=\skip43
\backup@length=\skip44
)
(/opt/local/share/texmf-texlive-dist/tex/latex/tools/longtable.sty
Package: longtable 2004/02/01 v4.11 Multi-page Table package (DPC)
\LTleft=\skip45
\LTright=\skip46
\LTpre=\skip47
\LTpost=\skip48
\LTchunksize=\count88
\LTcapwidth=\dimen105
\LT@head=\box26
\LT@firsthead=\box27
\LT@foot=\box28
\LT@lastfoot=\box29
\LT@cols=\count89
\LT@rows=\count90
\c@LT@tables=\count91
\c@LT@chunks=\count92
\LT@p@ftn=\toks20
)
(/opt/local/share/texmf-texlive-dist/tex/latex/fancyhdr/fancyhdr.sty
\fancy@headwidth=\skip49
\f@ncyO@elh=\skip50
\f@ncyO@erh=\skip51
\f@ncyO@olh=\skip52
\f@ncyO@orh=\skip53
\f@ncyO@elf=\skip54
\f@ncyO@erf=\skip55
\f@ncyO@olf=\skip56
\f@ncyO@orf=\skip57
)
\ecv@langparwidth=\skip58
\ecv@rulewidth=\skip59
\ecv@colsep=\skip60
\ecv@leftcolwidth=\skip61
\ecv@rightcolwidth=\skip62
\ecv@extrarowheight=\skip63
\ecv@flagwidth=\skip64
\ecv@logowidth=\skip65
\ecv@logooffset=\skip66
)
(./ecven.def
File: ecven.def europecv English definitions
) (./ecvit.def
File: ecvit.def europecv Italian definitions
)
(/opt/local/share/texmf-texlive-dist/tex/latex/totpages/totpages.sty
Package: totpages 2005/09/19 v2.00 Totpages Package (muewi)

(/opt/local/share/texmf-texlive-dist/tex/latex/ms/everyshi.sty
Package: everyshi 2001/05/15 v3.00 EveryShipout Package (MS)
)
(/opt/local/share/texmf-texlive-dist/tex/latex/graphics/keyval.sty
Package: keyval 1999/03/16 v1.13 key=value parser (DPC)
\KV@toks@=\toks21
))
(/opt/local/share/texmf-texlive-dist/tex/latex/base/fontenc.sty
Package: fontenc 2005/09/27 v1.99g Standard LaTeX package

(/opt/local/share/texmf-texlive-dist/tex/latex/base/t1enc.def
File: t1enc.def 2005/09/27 v1.99g Standard LaTeX file
LaTeX Font Info:    Redeclaring font encoding T1 on input line 43.
))
(/opt/local/share/texmf-texlive-dist/tex/latex/graphics/graphicx.sty
Package: graphicx 1999/02/16 v1.0f Enhanced LaTeX Graphics (DPC,SPQR)

(/opt/local/share/texmf-texlive-dist/tex/latex/graphics/graphics.sty
Package: graphics 2009/02/05 v1.0o Standard LaTeX Graphics (DPC,SPQR)

(/opt/local/share/texmf-texlive-dist/tex/latex/graphics/trig.sty
Package: trig 1999/03/16 v1.09 sin cos tan (DPC)
)
(/opt/local/share/texmf-texlive-dist/tex/latex/latexconfig/graphics.cfg
File: graphics.cfg 2010/04/23 v1.9 graphics configuration of TeX Live
)
Package graphics Info: Driver file: pdftex.def on input line 91.

(/opt/local/share/texmf-texlive-dist/tex/latex/pdftex-def/pdftex.def
File: pdftex.def 2010/02/14 v0.04n Graphics/color for pdfTeX
\Gread@gobject=\count93
))
\Gin@req@height=\dimen106
\Gin@req@width=\dimen107
)
(/opt/local/share/texmf-texlive-dist/tex/latex/geometry/geometry.sty
Package: geometry 2010/07/13 v5.5 Page Geometry

(/opt/local/share/texmf-texlive-dist/tex/generic/oberdiek/ifpdf.sty
Package: ifpdf 2010/01/28 v2.1 Provides the ifpdf switch (HO)
Package ifpdf Info: pdfTeX in pdf mode detected.
)
(/opt/local/share/texmf-texlive-dist/tex/generic/oberdiek/ifvtex.sty
Package: ifvtex 2010/03/01 v1.5 Switches for detecting VTeX and its modes (HO)
Package ifvtex Info: VTeX not detected.
)
\Gm@cnth=\count94
\Gm@cntv=\count95
\c@Gm@tempcnt=\count96
\Gm@bindingoffset=\dimen108
\Gm@wd@mp=\dimen109
\Gm@odd@mp=\dimen110
\Gm@even@mp=\dimen111
\Gm@layoutwidth=\dimen112
\Gm@layoutheight=\dimen113
\Gm@layouthoffset=\dimen114
\Gm@layoutvoffset=\dimen115
\Gm@dimlist=\toks22
)
(/opt/local/share/texmf-texlive-dist/tex/generic/babel/babel.sty
Package: babel 2008/07/06 v3.8l The Babel package

(/opt/local/share/texmf-texlive-dist/tex/generic/babel/italian.ldf
Language: italian 2008/03/14 v1.2t Italian support from the babel system

(/opt/local/share/texmf-texlive-dist/tex/generic/babel/babel.def
File: babel.def 2008/07/06 v3.8l Babel common definitions
\babel@savecnt=\count97
\U@D=\dimen116
)

Package babel Warning: No hyphenation patterns were loaded for
(babel)                the language `Italian'
(babel)                I will use the patterns loaded for \language=0 instead.

\l@italian = a dialect from \language0
Package babel Info: Making " an active character on input line 94.
)) (/opt/local/share/texmf-texlive-dist/tex/latex/natbib/bibentry.sty
Package: bibentry 2007/10/30 1.5 (PWD)
)
(/opt/local/share/texmf-texlive-dist/tex/latex/url/url.sty
\Urlmuskip=\muskip10
Package: url 2006/04/12  ver 3.3  Verb mode for urls, etc.
)
(/opt/local/share/texmf-texlive-dist/tex/latex/enumitem/enumitem.sty
Package: enumitem 2009/05/18 v2.2 Customized lists
\enit@toks=\toks23
\labelindent=\skip67
\enit@outerparindent=\dimen117
\enitdp@desc=\count98
)
No file diego_russo_cv_it.aux.
\openout1 = `diego_russo_cv_it.aux'.

LaTeX Font Info:    Checking defaults for OML/cmm/m/it on input line 25.
LaTeX Font Info:    ... okay on input line 25.
LaTeX Font Info:    Checking defaults for T1/cmr/m/n on input line 25.
LaTeX Font Info:    ... okay on input line 25.
LaTeX Font Info:    Checking defaults for OT1/cmr/m/n on input line 25.
LaTeX Font Info:    ... okay on input line 25.
LaTeX Font Info:    Checking defaults for OMS/cmsy/m/n on input line 25.
LaTeX Font Info:    ... okay on input line 25.
LaTeX Font Info:    Checking defaults for OMX/cmex/m/n on input line 25.
LaTeX Font Info:    ... okay on input line 25.
LaTeX Font Info:    Checking defaults for U/cmr/m/n on input line 25.
LaTeX Font Info:    ... okay on input line 25.
LaTeX Font Info:    Try loading font information for T1+phv on input line 25.
(/opt/local/share/texmf-texlive-dist/tex/latex/psnfss/t1phv.fd
File: t1phv.fd 2001/06/04 scalable font definitions for T1/phv.
) (./ucsencs.def
File: ucsencs.def 2003/11/29 Fixes to fontencodings LGR, T3
) ABD: EveryShipout initializing macros
(/opt/local/share/texmf-texlive-dist/tex/context/base/supp-pdf.mkii
[Loading MPS to PDF converter (version 2006.09.02).]
\scratchcounter=\count99
\scratchdimen=\dimen118
\scratchbox=\box30
\nofMPsegments=\count100
\nofMParguments=\count101
\everyMPshowfont=\toks24
\MPscratchCnt=\count102
\MPscratchDim=\dimen119
\MPnumerator=\count103
\everyMPtoPDFconversion=\toks25
) (/opt/local/share/texmf-texlive-dist/tex/generic/oberdiek/pdftexcmds.sty
Package: pdftexcmds 2010/04/01 v0.9 Utility functions of pdfTeX for LuaTeX (HO)


(/opt/local/share/texmf-texlive-dist/tex/generic/oberdiek/infwarerr.sty
Package: infwarerr 2010/04/08 v1.3 Providing info/warning/message (HO)
)
(/opt/local/share/texmf-texlive-dist/tex/generic/oberdiek/ifluatex.sty
Package: ifluatex 2010/03/01 v1.3 Provides the ifluatex switch (HO)
Package ifluatex Info: LuaTeX not detected.
)
(/opt/local/share/texmf-texlive-dist/tex/generic/oberdiek/ltxcmds.sty
Package: ltxcmds 2010/04/26 v1.7 LaTeX kernel commands for general use (HO)
)
Package pdftexcmds Info: LuaTeX not detected.
Package pdftexcmds Info: \pdf@primitive is available.
Package pdftexcmds Info: \pdf@ifprimitive is available.
)
(/opt/local/share/texmf-texlive-dist/tex/latex/oberdiek/epstopdf-base.sty
Package: epstopdf-base 2010/02/09 v2.5 Base part for package epstopdf

(/opt/local/share/texmf-texlive-dist/tex/latex/oberdiek/grfext.sty
Package: grfext 2007/09/30 v1.0 Managing graphics extensions (HO)
)
(/opt/local/share/texmf-texlive-dist/tex/latex/oberdiek/kvoptions.sty
Package: kvoptions 2010/02/22 v3.7 Keyval support for LaTeX options (HO)

(/opt/local/share/texmf-texlive-dist/tex/generic/oberdiek/kvsetkeys.sty
Package: kvsetkeys 2010/03/01 v1.9 Key value parser (HO)

(/opt/local/share/texmf-texlive-dist/tex/generic/oberdiek/etexcmds.sty
Package: etexcmds 2010/01/28 v1.3 Prefix for e-TeX command names (HO)
Package etexcmds Info: Could not find \expanded.
(etexcmds)             That can mean that you are not using pdfTeX 1.50 or
(etexcmds)             that some package has redefined \expanded.
(etexcmds)             In the latter case, load this package earlier.
)))
Package grfext Info: Graphics extension search list:
(grfext)             [.png,.pdf,.jpg,.mps,.jpeg,.jbig2,.jb2,.PNG,.PDF,.JPG,.JPE
G,.JBIG2,.JB2,.eps]
(grfext)             \AppendGraphicsExtensions on input line 436.

(/opt/local/share/texmf-texlive-dist/tex/latex/latexconfig/epstopdf-sys.cfg
File: epstopdf-sys.cfg 2010/07/13 v1.3 Configuration of (r)epstopdf for TeX Liv
e
))
*geometry* driver: auto-detecting
*geometry* detected driver: pdftex
*geometry* verbose mode - [ preamble ] result:
* driver: pdftex
* paper: a4paper
* layout: <same size as paper>
* layoutoffset:(h,v)=(0.0pt,0.0pt)
* modes: 
* h-part:(L,W,R)=(28.45274pt, 540.60239pt, 28.45274pt)
* v-part:(T,H,B)=(36.13512pt, 752.00623pt, 56.9055pt)
* \paperwidth=597.50787pt
* \paperheight=845.04684pt
* \textwidth=540.60239pt
* \textheight=752.00623pt
* \oddsidemargin=-43.81725pt
* \evensidemargin=-43.81725pt
* \topmargin=-73.13487pt
* \headheight=12.0pt
* \headsep=25.0pt
* \topskip=10.0pt
* \footskip=30.0pt
* \marginparwidth=65.0pt
* \marginparsep=11.0pt
* \columnsep=10.0pt
* \skip\footins=9.0pt plus 4.0pt minus 2.0pt
* \hoffset=0.0pt
* \voffset=0.0pt
* \mag=1000
* \@twocolumnfalse
* \@twosidefalse
* \@mparswitchfalse
* \@reversemarginfalse
* (1in=72.27pt=25.4mm, 1cm=28.453pt)

LaTeX Font Info:    Font shape `T1/phv/bx/sc' in size <7.25545> not available
(Font)              Font shape `T1/phv/b/sc' tried instead on input line 30.
LaTeX Font Info:    Font shape `T1/phv/bx/sc' in size <24.88> not available
(Font)              Font shape `T1/phv/b/sc' tried instead on input line 30.
LaTeX Font Info:    Font shape `T1/phv/bx/sc' in size <14.4> not available
(Font)              Font shape `T1/phv/b/sc' tried instead on input line 34.
LaTeX Font Info:    External font `cmex10' loaded for size
(Font)              <14.4> on input line 34.
LaTeX Font Info:    External font `cmex10' loaded for size
(Font)              <7> on input line 34.
LaTeX Font Info:    Font shape `T1/phv/m/it' in size <9.6739> not available
(Font)              Font shape `T1/phv/m/sl' tried instead on input line 38.
LaTeX Font Info:    Font shape `T1/phv/bx/it' in size <9.6739> not available
(Font)              Font shape `T1/phv/b/it' tried instead on input line 38.
LaTeX Font Info:    Font shape `T1/phv/b/it' in size <9.6739> not available
(Font)              Font shape `T1/phv/b/sl' tried instead on input line 38.
<../images/io.jpg, id=1, 903.375pt x 1345.025pt>
File: ../images/io.jpg Graphic file (type jpg)
 <use ../images/io.jpg>
(./utf8x.def
File: utf8x.def 2004/10/17 UCS: Input encoding UTF-8
)
LaTeX Font Info:    Font shape `T1/phv/bx/n' in size <6.25958> not available
(Font)              Font shape `T1/phv/b/n' tried instead on input line 50.


LaTeX Warning: Reference `TotPages' on page 1 undefined on input line 50.

(./utf8x.def
File: utf8x.def 2004/10/17 UCS: Input encoding UTF-8
)
LaTeX Font Info:    Calculating math sizes for size <7.25545> on input line 50.



LaTeX Font Warning: Font shape `OT1/cmr/m/n' in size <3.62772> not available
(Font)              size <5> substituted on input line 50.


LaTeX Font Warning: Font shape `OML/cmm/m/it' in size <3.62772> not available
(Font)              size <5> substituted on input line 50.


LaTeX Font Warning: Font shape `OMS/cmsy/m/n' in size <3.62772> not available
(Font)              size <5> substituted on input line 50.

LaTeX Font Info:    External font `cmex10' loaded for size
(Font)              <7.25545> on input line 50.
LaTeX Font Info:    External font `cmex10' loaded for size
(Font)              <5.07878> on input line 50.
LaTeX Font Info:    External font `cmex10' loaded for size
(Font)              <3.62772> on input line 50.
LaTeX Font Info:    Try loading font information for T1+cmtt on input line 50.
(/opt/local/share/texmf-texlive-dist/tex/latex/base/t1cmtt.fd
File: t1cmtt.fd 1999/05/25 v2.5h Standard LaTeX font definitions
)
LaTeX Font Info:    Calculating math sizes for size <6.25958> on input line 50.



LaTeX Font Warning: Font shape `OT1/cmr/m/n' in size <4.38168> not available
(Font)              size <5> substituted on input line 50.


LaTeX Font Warning: Font shape `OT1/cmr/m/n' in size <3.12979> not available
(Font)              size <5> substituted on input line 50.


LaTeX Font Warning: Font shape `OML/cmm/m/it' in size <4.38168> not available
(Font)              size <5> substituted on input line 50.


LaTeX Font Warning: Font shape `OML/cmm/m/it' in size <3.12979> not available
(Font)              size <5> substituted on input line 50.


LaTeX Font Warning: Font shape `OMS/cmsy/m/n' in size <4.38168> not available
(Font)              size <5> substituted on input line 50.


LaTeX Font Warning: Font shape `OMS/cmsy/m/n' in size <3.12979> not available
(Font)              size <5> substituted on input line 50.

LaTeX Font Info:    External font `cmex10' loaded for size
(Font)              <6.25958> on input line 50.
LaTeX Font Info:    External font `cmex10' loaded for size
(Font)              <4.38168> on input line 50.
LaTeX Font Info:    External font `cmex10' loaded for size
(Font)              <3.12979> on input line 50.
LaTeX Font Info:    Try loading font information for OMS+phv on input line 50.
(/opt/local/share/texmf-texlive-dist/tex/latex/psnfss/omsphv.fd
File: omsphv.fd 
)
LaTeX Font Info:    Font shape `OMS/phv/m/n' in size <6.25958> not available
(Font)              Font shape `OMS/cmsy/m/n' tried instead on input line 50.
 [1.1

{/opt/local/var/db/texmf/fonts/map/pdftex/updmap/pdftex.map} <../images/io.jpg>
]
<europasslogo.pdf, id=12, 4271.96pt x 2360.82pt>
File: europasslogo.pdf Graphic file (type pdf)
 <use europasslogo.pdf>
(./utf8x.def
File: utf8x.def 2004/10/17 UCS: Input encoding UTF-8
)
LaTeX Font Info:    Font shape `T1/phv/bx/n' in size <14.4> not available
(Font)              Font shape `T1/phv/b/n' tried instead on input line 52.
 <../images/diegor.jpg, id=13, 599.23875pt x 605.26125pt>
File: ../images/diegor.jpg Graphic file (type jpg)

<use ../images/diegor.jpg>
LaTeX Font Info:    Font shape `T1/phv/bx/n' in size <9.6739> not available
(Font)              Font shape `T1/phv/b/n' tried instead on input line 53.
 (./utf8x.def
File: utf8x.def 2004/10/17 UCS: Input encoding UTF-8
) (./utf8x.def
File: utf8x.def 2004/10/17 UCS: Input encoding UTF-8
) (./utf8x.def
File: utf8x.def 2004/10/17 UCS: Input encoding UTF-8
)
(./utf8x.def
File: utf8x.def 2004/10/17 UCS: Input encoding UTF-8
) (./utf8x.def
File: utf8x.def 2004/10/17 UCS: Input encoding UTF-8
) (./utf8x.def
File: utf8x.def 2004/10/17 UCS: Input encoding UTF-8
) (./utf8x.def
File: utf8x.def 2004/10/17 UCS: Input encoding UTF-8
) (./utf8x.def
File: utf8x.def 2004/10/17 UCS: Input encoding UTF-8
)
(./utf8x.def
File: utf8x.def 2004/10/17 UCS: Input encoding UTF-8
) (./utf8x.def
File: utf8x.def 2004/10/17 UCS: Input encoding UTF-8
)
LaTeX Font Info:    Font shape `T1/phv/bx/n' in size <7.25545> not available
(Font)              Font shape `T1/phv/b/n' tried instead on input line 59.
LaTeX Font Info:    Font shape `T1/phv/m/it' in size <7.25545> not available
(Font)              Font shape `T1/phv/m/sl' tried instead on input line 74.

(/opt/local/share/texmf-texlive-dist/tex/latex/ucs/data/uni-0.def
File: uni-0.def 2004/10/17 UCS: Unicode data U+0000..U+00FF
) (./utf8x.def
File: utf8x.def 2004/10/17 UCS: Input encoding UTF-8
)

LaTeX Warning: Reference `TotPages' on page 2 undefined on input line 160.

(./utf8x.def
File: utf8x.def 2004/10/17 UCS: Input encoding UTF-8
) [2.2 <./europasslogo.pdf> <../images/diegor.jpg>] (./utf8x.def
File: utf8x.def 2004/10/17 UCS: Input encoding UTF-8
)
(./utf8x.def
File: utf8x.def 2004/10/17 UCS: Input encoding UTF-8
) (./utf8x.def
File: utf8x.def 2004/10/17 UCS: Input encoding UTF-8
) (./utf8x.def
File: utf8x.def 2004/10/17 UCS: Input encoding UTF-8
) (./utf8x.def
File: utf8x.def 2004/10/17 UCS: Input encoding UTF-8
) (./utf8x.def
File: utf8x.def 2004/10/17 UCS: Input encoding UTF-8
)
(./utf8x.def
File: utf8x.def 2004/10/17 UCS: Input encoding UTF-8
) (./utf8x.def
File: utf8x.def 2004/10/17 UCS: Input encoding UTF-8
) (./utf8x.def
File: utf8x.def 2004/10/17 UCS: Input encoding UTF-8
) (./utf8x.def
File: utf8x.def 2004/10/17 UCS: Input encoding UTF-8
) (./utf8x.def
File: utf8x.def 2004/10/17 UCS: Input encoding UTF-8
)
(./utf8x.def
File: utf8x.def 2004/10/17 UCS: Input encoding UTF-8
) (./utf8x.def
File: utf8x.def 2004/10/17 UCS: Input encoding UTF-8
) (./utf8x.def
File: utf8x.def 2004/10/17 UCS: Input encoding UTF-8
)
Underfull \hbox (badness 10000) in paragraph at lines 196--196
[]|[]
 []

(./utf8x.def
File: utf8x.def 2004/10/17 UCS: Input encoding UTF-8
) (./utf8x.def
File: utf8x.def 2004/10/17 UCS: Input encoding UTF-8
)
Underfull \hbox (badness 10000) in paragraph at lines 196--196
[]|[]
 []

(./utf8x.def
File: utf8x.def 2004/10/17 UCS: Input encoding UTF-8
) (./utf8x.def
File: utf8x.def 2004/10/17 UCS: Input encoding UTF-8
) (./utf8x.def
File: utf8x.def 2004/10/17 UCS: Input encoding UTF-8
) (./utf8x.def
File: utf8x.def 2004/10/17 UCS: Input encoding UTF-8
) (./utf8x.def
File: utf8x.def 2004/10/17 UCS: Input encoding UTF-8
)
(./utf8x.def
File: utf8x.def 2004/10/17 UCS: Input encoding UTF-8
)
LaTeX Font Info:    Font shape `T1/phv/m/it' in size <6.25958> not available
(Font)              Font shape `T1/phv/m/sl' tried instead on input line 198.
 (./utf8x.def
File: utf8x.def 2004/10/17 UCS: Input encoding UTF-8
) (./utf8x.def
File: utf8x.def 2004/10/17 UCS: Input encoding UTF-8
)

LaTeX Warning: Reference `TotPages' on page 3 undefined on input line 247.

(./utf8x.def
File: utf8x.def 2004/10/17 UCS: Input encoding UTF-8
) [3.3] (./utf8x.def
File: utf8x.def 2004/10/17 UCS: Input encoding UTF-8
)

LaTeX Warning: Reference `TotPages' on page 4 undefined on input line 248.

(./utf8x.def
File: utf8x.def 2004/10/17 UCS: Input encoding UTF-8
) [4.4] (./diego_russo_cv_it.aux)

LaTeX Font Warning: Size substitutions with differences
(Font)              up to 1.87021pt have occurred.


LaTeX Warning: There were undefined references.


LaTeX Warning: Label(s) may have changed. Rerun to get cross-references right.

 ) 
Here is how much of TeX's memory you used:
 4109 strings out of 495074
 55107 string characters out of 3182082
 159028 words of memory out of 3000000
 7102 multiletter control sequences out of 15000+200000
 70879 words of font info for 61 fonts, out of 3000000 for 9000
 14 hyphenation exceptions out of 8191
 38i,23n,45p,959b,763s stack positions out of 5000i,500n,10000p,200000b,50000s
{/opt/local/share/texmf-texlive-dist/fonts/enc/dvips/base/8r.enc}{/opt/local/
share/texmf-texlive-dist/fonts/enc/dvips/cm-super/cm-super-t1.enc}</opt/local/s
hare/texmf-texlive-dist/fonts/type1/public/amsfonts/cm/cmsy5.pfb></opt/local/sh
are/texmf-texlive-dist/fonts/type1/public/amsfonts/cm/cmsy6.pfb></opt/local/sha
re/texmf-texlive-dist/fonts/type1/public/amsfonts/cm/cmsy7.pfb></opt/local/shar
e/texmf-texlive-dist/fonts/type1/public/cm-super/sftt0800.pfb></opt/local/share
/texmf-texlive-dist/fonts/type1/urw/helvetic/uhvb8a.pfb></opt/local/share/texmf
-texlive-dist/fonts/type1/urw/helvetic/uhvbo8a.pfb></opt/local/share/texmf-texl
ive-dist/fonts/type1/urw/helvetic/uhvr8a.pfb></opt/local/share/texmf-texlive-di
st/fonts/type1/urw/helvetic/uhvro8a.pfb>
Output written on diego_russo_cv_it.pdf (4 pages, 492871 bytes).
PDF statistics:
 56 PDF objects out of 1000 (max. 8388607)
 38 compressed objects within 1 object stream
 0 named destinations out of 1000 (max. 500000)
 16 words of extra memory for PDF output out of 10000 (max. 10000000)

